<html>
<body>
<pre>
<h1>Vision Build Log</h1>
<h2>Tool Versions:</h2>
IDE-Version: μVision V5.31.0.0
Copyright (C) 2020 ARM Ltd and ARM Germany GmbH. All rights reserved.
License Information: ziqi fan, zstu, LIC=MPPLD-8AZG4-Z9UG9-4VQYV-GX9RN-0XUAQ
 
Tool Versions:
Toolchain:       MDK-ARM Plus  Version: 5.31.0.0
Toolchain Path:  D:\Keil_v5\ARM\ARMCC\Bin
C Compiler:      Armcc.exe V5.06 update 6 (build 750)
Assembler:       Armasm.exe V5.06 update 6 (build 750)
Linker/Locator:  ArmLink.exe V5.06 update 6 (build 750)
Library Manager: ArmAr.exe V5.06 update 6 (build 750)
Hex Converter:   FromElf.exe V5.06 update 6 (build 750)
CPU DLL:         SARMCM3.DLL V5.31.0.0
Dialog DLL:      DCM.DLL V1.17.3.0
Target DLL:      STLink\ST-LINKIII-KEIL_SWO.dll V3.0.7.0
Dialog DLL:      TCM.DLL V1.46.0.0
 
<h2>Project:</h2>
E:\我的文件\科研\2下-电赛校赛\代码\transport_car\USER\Template.uvprojx
Project File Date:  05/07/2021

<h2>Output:</h2>
*** Using Compiler 'V5.06 update 6 (build 750)', folder: 'D:\Keil_v5\ARM\ARMCC\Bin'
Build target 'Template'
compiling timer.c...
..\HARDWARE\TIMER\timer.c(70): error:  #268: declaration may not appear after executable statement in block
  		static u8 cnt_10ms = 0 ;
..\HARDWARE\TIMER\timer.c(71): error:  #268: declaration may not appear after executable statement in block
  		static u8 cnt_200ms = 0 ;
..\HARDWARE\TIMER\timer.c(72): error:  #268: declaration may not appear after executable statement in block
  		static u16 cnt_500ms = 0;
..\HARDWARE\TIMER\timer.c(76): error:  #268: declaration may not appear after executable statement in block
  			static u8 cnt_100ms = 0 ;
..\HARDWARE\TIMER\timer.c(80): error:  #268: declaration may not appear after executable statement in block
  				static u8 cnt_1s = 0 ;
..\HARDWARE\TIMER\timer.c: 0 warnings, 5 errors
compiling oled_iic.c...
..\HARDWARE\OLED\oled_iic.c(435): warning:  #177-D: variable "table5"  was declared but never referenced
  	unsigned char table5[20] = ":       ";
..\HARDWARE\OLED\oled_iic.c(520): error:  #20: identifier "time" is undefined
  	if(time >= 500)
..\HARDWARE\OLED\oled_iic.c(571): error:  #20: identifier "time" is undefined
  	if(time >= 500)
..\HARDWARE\OLED\oled_iic.c: 1 warning, 2 errors
compiling main.c...
main.c(20): warning:  #223-D: function "TIM3_init" declared implicitly
  	 TIM3_init(1000-1,72-1);
main.c: 1 warning, 0 errors
"..\OBJ\Template.axf" - 7 Error(s), 2 Warning(s).

<h2>Software Packages used:</h2>

Package Vendor: Keil
                http://www.keil.com/pack/Keil.STM32F1xx_DFP.2.3.0.pack
                Keil.STM32F1xx_DFP.2.3.0
                STMicroelectronics STM32F1 Series Device Support, Drivers and Examples

<h2>Collection of Component include folders:</h2>
  D:\Keil_v5\Packs\Keil\STM32F1xx_DFP\2.3.0\Device\Include

<h2>Collection of Component Files used:</h2>
Target not created.
Build Time Elapsed:  00:00:01
</pre>
</body>
</html>
